Traceback (most recent call last):
  File "D:\Users\Christina\Programmes\envs\GRACE_GPU\lib\site-packages\jupyter_cache\executors\utils.py", line 51, in single_nb_execution
    executenb(
  File "D:\Users\Christina\Programmes\envs\GRACE_GPU\lib\site-packages\nbclient\client.py", line 1204, in execute
    return NotebookClient(nb=nb, resources=resources, km=km, **kwargs).execute()
  File "D:\Users\Christina\Programmes\envs\GRACE_GPU\lib\site-packages\nbclient\util.py", line 84, in wrapped
    return just_run(coro(*args, **kwargs))
  File "D:\Users\Christina\Programmes\envs\GRACE_GPU\lib\site-packages\nbclient\util.py", line 62, in just_run
    return loop.run_until_complete(coro)
  File "D:\Users\Christina\Programmes\envs\GRACE_GPU\lib\asyncio\base_events.py", line 647, in run_until_complete
    return future.result()
  File "D:\Users\Christina\Programmes\envs\GRACE_GPU\lib\site-packages\nbclient\client.py", line 663, in async_execute
    await self.async_execute_cell(
  File "D:\Users\Christina\Programmes\envs\GRACE_GPU\lib\site-packages\nbclient\client.py", line 965, in async_execute_cell
    await self._check_raise_for_error(cell, cell_index, exec_reply)
  File "D:\Users\Christina\Programmes\envs\GRACE_GPU\lib\site-packages\nbclient\client.py", line 862, in _check_raise_for_error
    raise CellExecutionError.from_cell_and_msg(cell, exec_reply_content)
nbclient.exceptions.CellExecutionError: An error occurred while executing the following cell:
------------------
# Load TwEmLab Goldstandard for Birmingham
tree1 = ET.parse('../Data/twemlab_goldstandards_original/birmingham_labels.xml')
root1 = tree1.getroot()

# check contents
#root1[0][1].text

# create dataframe from xml file
data1 = []
for tweet in root1.findall('Tweet'):
    id = tweet.find('ID').text
    label = tweet.find('Label').text
    data1.append((id, label))

df1 = pd.DataFrame(data1,columns=['id','label'])
 # df1.head()
    
# Load TwEmLab Birmingham Tweets
tree2 = ET.parse('../Data/twemlab_goldstandards_original/birmingham_tweets.xml')
root2 = tree2.getroot()

# check contents
# root2[0][1].text

# create dataframe from xml file
data2 = []
for tweet in root2.findall('Tweet'):
    id = tweet.find('ID').text
    text = tweet.find('text').text
    goldstandard = tweet.attrib.get("goldstandard")
    data2.append((id, text, goldstandard))

df2 = pd.DataFrame(data2,columns=['id','text', 'goldstandard'])
# df2.head()

 # merge the two separate dataframes based on id columns
merge = pd.merge(df1, df2, on='id')

# keep only the tweets that are part of the goldstandard
twemlab = merge[merge['goldstandard'] == 'yes']
print(f'Number of tweets in goldstandard: {len(twemlab)}')

emotions = []
# assign emotion label (happiness, anger, sadness, fear)
for index, row in twemlab.iterrows():
    if row['label'] == 'beauty' or row['label'] == 'happiness':
        emotions.append('happiness')
    elif row['label'] == 'anger/disgust':
        emotions.append('anger')
    elif row['label'] == 'sadness':
        emotions.append('sadness')
    elif row['label'] == 'fear':
        emotions.append('fear')
    else: 
        emotions.append('none')
        
twemlab['emotion'] = emotions

twemlab_birmingham = twemlab[['id','text','emotion']]

# check dataset
# twemlab_birmingham.head(20)

readfile = pd.read_csv('../Data/twemlab_goldstandards_original/boston_goldstandard.csv')
twemlab_boston = readfile[['Tweet_ID', 'Tweet_timestamp', 'Tweet_text', 'Tweet_goldstandard_attribute', 'Tweet_longitude','Tweet_latitude','Tweet_timestamp','Emotion']]
# use only rows that have text in them
twemlab_boston = twemlab_boston[0:631]
# twemlab_boston.head()

emotions = []
# assign emotion label (happiness, anger, sadness, fear)
for index, row in twemlab_boston.iterrows():
    if row['Emotion'] == 'beauty' or row['Emotion'] == 'happiness':
        emotions.append('happiness')
    elif row['Emotion'] == 'anger/disgust':
        emotions.append('anger')
    elif row['Emotion'] == 'sadness':
        emotions.append('sadness')
    elif row['Emotion'] == 'fear':
        emotions.append('fear')
    else: 
        emotions.append('none')
        
twemlab_boston['emotion'] = emotions

twemlab_boston = twemlab_boston[['Tweet_ID','Tweet_text','emotion']]

# check dataset
# twemlab_boston.head(20)

------------------

[1;31m---------------------------------------------------------------------------[0m
[1;31mNameError[0m                                 Traceback (most recent call last)
Cell [1;32mIn[1], line 2[0m
[0;32m      1[0m [38;5;66;03m# Load TwEmLab Goldstandard for Birmingham[39;00m
[1;32m----> 2[0m tree1 [38;5;241m=[39m [43mET[49m[38;5;241m.[39mparse([38;5;124m'[39m[38;5;124m../Data/twemlab_goldstandards_original/birmingham_labels.xml[39m[38;5;124m'[39m)
[0;32m      3[0m root1 [38;5;241m=[39m tree1[38;5;241m.[39mgetroot()
[0;32m      5[0m [38;5;66;03m# check contents[39;00m
[0;32m      6[0m [38;5;66;03m#root1[0][1].text[39;00m
[0;32m      7[0m 
[0;32m      8[0m [38;5;66;03m# create dataframe from xml file[39;00m

[1;31mNameError[0m: name 'ET' is not defined
NameError: name 'ET' is not defined

